{"/Users/marat/Desktop/RS School REACT/react-app-task1/src/main.tsx": {"path":"/Users/marat/Desktop/RS School REACT/react-app-task1/src/main.tsx","all":true,"statementMap":{"0":{"start":{"line":1,"column":0},"end":{"line":1,"column":35}},"1":{"start":{"line":2,"column":0},"end":{"line":2,"column":46}},"2":{"start":{"line":3,"column":0},"end":{"line":3,"column":22}},"3":{"start":{"line":4,"column":0},"end":{"line":4,"column":39}},"4":{"start":{"line":5,"column":0},"end":{"line":5,"column":73}},"5":{"start":{"line":6,"column":0},"end":{"line":6,"column":0}},"6":{"start":{"line":7,"column":0},"end":{"line":7,"column":52}},"7":{"start":{"line":8,"column":0},"end":{"line":8,"column":19}},"8":{"start":{"line":9,"column":0},"end":{"line":9,"column":53}},"9":{"start":{"line":10,"column":0},"end":{"line":10,"column":1}},"10":{"start":{"line":11,"column":0},"end":{"line":11,"column":31}},"11":{"start":{"line":12,"column":0},"end":{"line":12,"column":14}},"12":{"start":{"line":13,"column":0},"end":{"line":13,"column":19}},"13":{"start":{"line":14,"column":0},"end":{"line":14,"column":13}},"14":{"start":{"line":15,"column":0},"end":{"line":15,"column":20}},"15":{"start":{"line":16,"column":0},"end":{"line":16,"column":15}},"16":{"start":{"line":17,"column":0},"end":{"line":17,"column":2}}},"s":{"0":0,"1":0,"2":0,"3":0,"4":0,"5":0,"6":0,"7":0,"8":0,"9":0,"10":0,"11":0,"12":0,"13":0,"14":0,"15":0,"16":0},"branchMap":{"0":{"type":"branch","line":1,"loc":{"start":{"line":1,"column":0},"end":{"line":17,"column":2}},"locations":[{"start":{"line":1,"column":0},"end":{"line":17,"column":2}}]}},"b":{"0":[0]},"fnMap":{"0":{"name":"(empty-report)","decl":{"start":{"line":1,"column":0},"end":{"line":17,"column":2}},"loc":{"start":{"line":1,"column":0},"end":{"line":17,"column":2}},"line":1}},"f":{"0":0}}
,"/Users/marat/Desktop/RS School REACT/react-app-task1/src/components/App.tsx": {"path":"/Users/marat/Desktop/RS School REACT/react-app-task1/src/components/App.tsx","all":false,"statementMap":{"0":{"start":{"line":1,"column":0},"end":{"line":1,"column":34}},"1":{"start":{"line":2,"column":0},"end":{"line":2,"column":20}},"2":{"start":{"line":3,"column":0},"end":{"line":3,"column":37}},"3":{"start":{"line":4,"column":0},"end":{"line":4,"column":43}},"6":{"start":{"line":7,"column":0},"end":{"line":7,"column":62}},"7":{"start":{"line":8,"column":0},"end":{"line":8,"column":30}},"8":{"start":{"line":9,"column":0},"end":{"line":9,"column":17}},"9":{"start":{"line":10,"column":0},"end":{"line":10,"column":18}},"10":{"start":{"line":11,"column":0},"end":{"line":11,"column":18}},"11":{"start":{"line":12,"column":0},"end":{"line":12,"column":21}},"12":{"start":{"line":13,"column":0},"end":{"line":13,"column":18}},"13":{"start":{"line":14,"column":0},"end":{"line":14,"column":32}},"14":{"start":{"line":15,"column":0},"end":{"line":15,"column":6}},"15":{"start":{"line":16,"column":0},"end":{"line":16,"column":3}},"17":{"start":{"line":18,"column":0},"end":{"line":18,"column":29}},"18":{"start":{"line":19,"column":0},"end":{"line":19,"column":62}},"19":{"start":{"line":20,"column":0},"end":{"line":20,"column":29}},"20":{"start":{"line":21,"column":0},"end":{"line":21,"column":3}},"22":{"start":{"line":23,"column":0},"end":{"line":23,"column":39}},"23":{"start":{"line":24,"column":0},"end":{"line":24,"column":50}},"24":{"start":{"line":25,"column":0},"end":{"line":25,"column":9}},"25":{"start":{"line":26,"column":0},"end":{"line":26,"column":52}},"27":{"start":{"line":28,"column":0},"end":{"line":28,"column":25}},"28":{"start":{"line":29,"column":0},"end":{"line":29,"column":37}},"29":{"start":{"line":30,"column":0},"end":{"line":30,"column":54}},"30":{"start":{"line":31,"column":0},"end":{"line":31,"column":10}},"31":{"start":{"line":32,"column":0},"end":{"line":32,"column":64}},"32":{"start":{"line":33,"column":0},"end":{"line":33,"column":43}},"33":{"start":{"line":34,"column":0},"end":{"line":34,"column":80}},"34":{"start":{"line":35,"column":0},"end":{"line":35,"column":52}},"35":{"start":{"line":36,"column":0},"end":{"line":36,"column":15}},"36":{"start":{"line":37,"column":0},"end":{"line":37,"column":7}},"38":{"start":{"line":39,"column":0},"end":{"line":39,"column":41}},"39":{"start":{"line":40,"column":0},"end":{"line":40,"column":58}},"40":{"start":{"line":41,"column":0},"end":{"line":41,"column":8}},"41":{"start":{"line":42,"column":0},"end":{"line":42,"column":30}},"42":{"start":{"line":43,"column":0},"end":{"line":43,"column":65}},"43":{"start":{"line":44,"column":0},"end":{"line":44,"column":23}},"44":{"start":{"line":45,"column":0},"end":{"line":45,"column":20}},"45":{"start":{"line":46,"column":0},"end":{"line":46,"column":13}},"46":{"start":{"line":47,"column":0},"end":{"line":47,"column":30}},"47":{"start":{"line":48,"column":0},"end":{"line":48,"column":56}},"48":{"start":{"line":49,"column":0},"end":{"line":49,"column":14}},"49":{"start":{"line":50,"column":0},"end":{"line":50,"column":12}},"50":{"start":{"line":51,"column":0},"end":{"line":51,"column":11}},"51":{"start":{"line":52,"column":0},"end":{"line":52,"column":56}},"52":{"start":{"line":53,"column":0},"end":{"line":53,"column":15}},"53":{"start":{"line":54,"column":0},"end":{"line":54,"column":7}},"54":{"start":{"line":55,"column":0},"end":{"line":55,"column":52}},"55":{"start":{"line":56,"column":0},"end":{"line":56,"column":21}},"56":{"start":{"line":57,"column":0},"end":{"line":57,"column":49}},"57":{"start":{"line":58,"column":0},"end":{"line":58,"column":54}},"58":{"start":{"line":59,"column":0},"end":{"line":59,"column":15}},"59":{"start":{"line":60,"column":0},"end":{"line":60,"column":40}},"60":{"start":{"line":61,"column":0},"end":{"line":61,"column":5}},"61":{"start":{"line":62,"column":0},"end":{"line":62,"column":4}},"63":{"start":{"line":64,"column":0},"end":{"line":64,"column":34}},"64":{"start":{"line":65,"column":0},"end":{"line":65,"column":53}},"65":{"start":{"line":66,"column":0},"end":{"line":66,"column":8}},"66":{"start":{"line":67,"column":0},"end":{"line":67,"column":46}},"67":{"start":{"line":68,"column":0},"end":{"line":68,"column":42}},"68":{"start":{"line":69,"column":0},"end":{"line":69,"column":45}},"69":{"start":{"line":70,"column":0},"end":{"line":70,"column":57}},"70":{"start":{"line":71,"column":0},"end":{"line":71,"column":16}},"71":{"start":{"line":72,"column":0},"end":{"line":72,"column":29}},"72":{"start":{"line":73,"column":0},"end":{"line":73,"column":55}},"73":{"start":{"line":74,"column":0},"end":{"line":74,"column":10}},"74":{"start":{"line":75,"column":0},"end":{"line":75,"column":8}},"75":{"start":{"line":76,"column":0},"end":{"line":76,"column":6}},"76":{"start":{"line":77,"column":0},"end":{"line":77,"column":27}},"77":{"start":{"line":78,"column":0},"end":{"line":78,"column":4}},"79":{"start":{"line":80,"column":0},"end":{"line":80,"column":60}},"80":{"start":{"line":81,"column":0},"end":{"line":81,"column":67}},"81":{"start":{"line":82,"column":0},"end":{"line":82,"column":78}},"83":{"start":{"line":84,"column":0},"end":{"line":84,"column":12}},"84":{"start":{"line":85,"column":0},"end":{"line":85,"column":34}},"85":{"start":{"line":86,"column":0},"end":{"line":86,"column":40}},"86":{"start":{"line":87,"column":0},"end":{"line":87,"column":48}},"87":{"start":{"line":88,"column":0},"end":{"line":88,"column":42}},"88":{"start":{"line":89,"column":0},"end":{"line":89,"column":13}},"89":{"start":{"line":90,"column":0},"end":{"line":90,"column":4}},"91":{"start":{"line":92,"column":0},"end":{"line":92,"column":36}},"92":{"start":{"line":93,"column":0},"end":{"line":93,"column":45}},"93":{"start":{"line":94,"column":0},"end":{"line":94,"column":35}},"94":{"start":{"line":95,"column":0},"end":{"line":95,"column":25}},"95":{"start":{"line":96,"column":0},"end":{"line":96,"column":4}},"97":{"start":{"line":98,"column":0},"end":{"line":98,"column":36}},"98":{"start":{"line":99,"column":0},"end":{"line":99,"column":48}},"99":{"start":{"line":100,"column":0},"end":{"line":100,"column":4}},"101":{"start":{"line":102,"column":0},"end":{"line":102,"column":12}},"102":{"start":{"line":103,"column":0},"end":{"line":103,"column":40}},"103":{"start":{"line":104,"column":0},"end":{"line":104,"column":51}},"104":{"start":{"line":105,"column":0},"end":{"line":105,"column":5}},"106":{"start":{"line":107,"column":0},"end":{"line":107,"column":12}},"107":{"start":{"line":108,"column":0},"end":{"line":108,"column":37}},"108":{"start":{"line":109,"column":0},"end":{"line":109,"column":64}},"109":{"start":{"line":110,"column":0},"end":{"line":110,"column":47}},"110":{"start":{"line":111,"column":0},"end":{"line":111,"column":32}},"111":{"start":{"line":112,"column":0},"end":{"line":112,"column":61}},"113":{"start":{"line":114,"column":0},"end":{"line":114,"column":30}},"114":{"start":{"line":115,"column":0},"end":{"line":115,"column":68}},"116":{"start":{"line":117,"column":0},"end":{"line":117,"column":47}},"117":{"start":{"line":118,"column":0},"end":{"line":118,"column":15}},"118":{"start":{"line":119,"column":0},"end":{"line":119,"column":43}},"119":{"start":{"line":120,"column":0},"end":{"line":120,"column":43}},"120":{"start":{"line":121,"column":0},"end":{"line":121,"column":9}},"122":{"start":{"line":123,"column":0},"end":{"line":123,"column":17}},"123":{"start":{"line":124,"column":0},"end":{"line":124,"column":12}},"125":{"start":{"line":126,"column":0},"end":{"line":126,"column":3}},"126":{"start":{"line":127,"column":0},"end":{"line":127,"column":1}}},"s":{"0":1,"1":1,"2":1,"3":1,"6":1,"7":6,"8":7,"9":7,"10":7,"11":7,"12":7,"13":7,"14":7,"15":7,"17":6,"18":6,"19":6,"20":6,"22":6,"23":6,"24":6,"25":6,"27":6,"28":5,"29":5,"30":5,"31":3,"32":1,"33":1,"34":1,"35":1,"36":1,"38":1,"39":1,"40":1,"41":1,"42":1,"43":1,"44":1,"45":1,"46":1,"47":1,"48":1,"49":1,"50":1,"51":1,"52":1,"53":1,"54":0,"55":4,"56":1,"57":1,"58":4,"59":3,"60":3,"61":6,"63":6,"64":1,"65":1,"66":1,"67":1,"68":1,"69":1,"70":1,"71":1,"72":1,"73":1,"74":1,"75":1,"76":1,"77":1,"79":6,"80":2,"81":2,"83":2,"84":2,"85":2,"86":2,"87":2,"88":2,"89":2,"91":6,"92":0,"93":0,"94":0,"95":0,"97":6,"98":1,"99":1,"101":6,"102":17,"103":2,"104":2,"106":15,"107":15,"108":15,"109":15,"110":15,"111":6,"113":17,"114":1,"116":17,"117":17,"118":17,"119":17,"120":17,"122":17,"123":17,"125":17,"126":6},"branchMap":{"0":{"type":"branch","line":7,"loc":{"start":{"line":7,"column":61},"end":{"line":127,"column":1}},"locations":[{"start":{"line":7,"column":61},"end":{"line":127,"column":1}}]},"1":{"type":"branch","line":8,"loc":{"start":{"line":8,"column":2},"end":{"line":16,"column":3}},"locations":[{"start":{"line":8,"column":2},"end":{"line":16,"column":3}}]},"2":{"type":"branch","line":18,"loc":{"start":{"line":18,"column":2},"end":{"line":21,"column":3}},"locations":[{"start":{"line":18,"column":2},"end":{"line":21,"column":3}}]},"3":{"type":"branch","line":19,"loc":{"start":{"line":19,"column":54},"end":{"line":19,"column":62}},"locations":[{"start":{"line":19,"column":54},"end":{"line":19,"column":62}}]},"4":{"type":"branch","line":23,"loc":{"start":{"line":23,"column":14},"end":{"line":62,"column":4}},"locations":[{"start":{"line":23,"column":14},"end":{"line":62,"column":4}}]},"5":{"type":"branch","line":28,"loc":{"start":{"line":28,"column":24},"end":{"line":37,"column":7}},"locations":[{"start":{"line":28,"column":24},"end":{"line":37,"column":7}}]},"6":{"type":"branch","line":31,"loc":{"start":{"line":31,"column":8},"end":{"line":37,"column":7}},"locations":[{"start":{"line":31,"column":8},"end":{"line":37,"column":7}}]},"7":{"type":"branch","line":31,"loc":{"start":{"line":31,"column":8},"end":{"line":32,"column":32}},"locations":[{"start":{"line":31,"column":8},"end":{"line":32,"column":32}}]},"8":{"type":"branch","line":32,"loc":{"start":{"line":32,"column":26},"end":{"line":37,"column":7}},"locations":[{"start":{"line":32,"column":26},"end":{"line":37,"column":7}}]},"9":{"type":"branch","line":37,"loc":{"start":{"line":37,"column":6},"end":{"line":61,"column":5}},"locations":[{"start":{"line":37,"column":6},"end":{"line":61,"column":5}}]},"10":{"type":"branch","line":37,"loc":{"start":{"line":37,"column":6},"end":{"line":54,"column":7}},"locations":[{"start":{"line":37,"column":6},"end":{"line":54,"column":7}}]},"11":{"type":"branch","line":54,"loc":{"start":{"line":54,"column":6},"end":{"line":56,"column":13}},"locations":[{"start":{"line":54,"column":6},"end":{"line":56,"column":13}}]},"12":{"type":"branch","line":56,"loc":{"start":{"line":56,"column":4},"end":{"line":59,"column":6}},"locations":[{"start":{"line":56,"column":4},"end":{"line":59,"column":6}}]},"13":{"type":"branch","line":59,"loc":{"start":{"line":59,"column":4},"end":{"line":61,"column":5}},"locations":[{"start":{"line":59,"column":4},"end":{"line":61,"column":5}}]},"14":{"type":"branch","line":64,"loc":{"start":{"line":64,"column":27},"end":{"line":78,"column":4}},"locations":[{"start":{"line":64,"column":27},"end":{"line":78,"column":4}}]},"15":{"type":"branch","line":68,"loc":{"start":{"line":68,"column":22},"end":{"line":75,"column":7}},"locations":[{"start":{"line":68,"column":22},"end":{"line":75,"column":7}}]},"16":{"type":"branch","line":80,"loc":{"start":{"line":80,"column":22},"end":{"line":90,"column":4}},"locations":[{"start":{"line":80,"column":22},"end":{"line":90,"column":4}}]},"17":{"type":"branch","line":85,"loc":{"start":{"line":85,"column":14},"end":{"line":85,"column":32}},"locations":[{"start":{"line":85,"column":14},"end":{"line":85,"column":32}}]},"18":{"type":"branch","line":88,"loc":{"start":{"line":88,"column":19},"end":{"line":88,"column":41}},"locations":[{"start":{"line":88,"column":19},"end":{"line":88,"column":41}}]},"19":{"type":"branch","line":81,"loc":{"start":{"line":81,"column":36},"end":{"line":81,"column":54}},"locations":[{"start":{"line":81,"column":36},"end":{"line":81,"column":54}}]},"20":{"type":"branch","line":82,"loc":{"start":{"line":82,"column":44},"end":{"line":82,"column":65}},"locations":[{"start":{"line":82,"column":44},"end":{"line":82,"column":65}}]},"21":{"type":"branch","line":98,"loc":{"start":{"line":98,"column":23},"end":{"line":100,"column":4}},"locations":[{"start":{"line":98,"column":23},"end":{"line":100,"column":4}}]},"22":{"type":"branch","line":102,"loc":{"start":{"line":102,"column":2},"end":{"line":126,"column":3}},"locations":[{"start":{"line":102,"column":2},"end":{"line":126,"column":3}}]},"23":{"type":"branch","line":103,"loc":{"start":{"line":103,"column":39},"end":{"line":105,"column":5}},"locations":[{"start":{"line":103,"column":39},"end":{"line":105,"column":5}}]},"24":{"type":"branch","line":105,"loc":{"start":{"line":105,"column":4},"end":{"line":111,"column":32}},"locations":[{"start":{"line":105,"column":4},"end":{"line":111,"column":32}}]},"25":{"type":"branch","line":111,"loc":{"start":{"line":111,"column":20},"end":{"line":112,"column":61}},"locations":[{"start":{"line":111,"column":20},"end":{"line":112,"column":61}}]},"26":{"type":"branch","line":114,"loc":{"start":{"line":114,"column":20},"end":{"line":115,"column":68}},"locations":[{"start":{"line":114,"column":20},"end":{"line":115,"column":68}}]}},"b":{"0":[6],"1":[7],"2":[6],"3":[5],"4":[6],"5":[5],"6":[3],"7":[2],"8":[1],"9":[4],"10":[1],"11":[0],"12":[1],"13":[3],"14":[1],"15":[1],"16":[2],"17":[0],"18":[0],"19":[2],"20":[3],"21":[1],"22":[17],"23":[2],"24":[15],"25":[6],"26":[1]},"fnMap":{"0":{"name":"<instance_members_initializer>","decl":{"start":{"line":7,"column":61},"end":{"line":127,"column":1}},"loc":{"start":{"line":7,"column":61},"end":{"line":127,"column":1}},"line":7},"1":{"name":"App","decl":{"start":{"line":8,"column":2},"end":{"line":16,"column":3}},"loc":{"start":{"line":8,"column":2},"end":{"line":16,"column":3}},"line":8},"2":{"name":"componentDidMount","decl":{"start":{"line":18,"column":2},"end":{"line":21,"column":3}},"loc":{"start":{"line":18,"column":2},"end":{"line":21,"column":3}},"line":18},"3":{"name":"fetchData","decl":{"start":{"line":23,"column":14},"end":{"line":62,"column":4}},"loc":{"start":{"line":23,"column":14},"end":{"line":62,"column":4}},"line":23},"4":{"name":"getDetailedPokemonList","decl":{"start":{"line":64,"column":27},"end":{"line":78,"column":4}},"loc":{"start":{"line":64,"column":27},"end":{"line":78,"column":4}},"line":64},"5":{"name":"formatDescription","decl":{"start":{"line":80,"column":22},"end":{"line":90,"column":4}},"loc":{"start":{"line":80,"column":22},"end":{"line":90,"column":4}},"line":80},"6":{"name":"handleSearch","decl":{"start":{"line":92,"column":17},"end":{"line":96,"column":4}},"loc":{"start":{"line":92,"column":17},"end":{"line":96,"column":4}},"line":92},"7":{"name":"throwErrorInRender","decl":{"start":{"line":98,"column":23},"end":{"line":100,"column":4}},"loc":{"start":{"line":98,"column":23},"end":{"line":100,"column":4}},"line":98},"8":{"name":"render","decl":{"start":{"line":102,"column":2},"end":{"line":126,"column":3}},"loc":{"start":{"line":102,"column":2},"end":{"line":126,"column":3}},"line":102}},"f":{"0":6,"1":7,"2":6,"3":6,"4":1,"5":2,"6":0,"7":1,"8":17}}
,"/Users/marat/Desktop/RS School REACT/react-app-task1/src/components/Card/Card.tsx": {"path":"/Users/marat/Desktop/RS School REACT/react-app-task1/src/components/Card/Card.tsx","all":false,"statementMap":{"0":{"start":{"line":1,"column":0},"end":{"line":1,"column":50}},"2":{"start":{"line":3,"column":0},"end":{"line":3,"column":21}},"4":{"start":{"line":5,"column":0},"end":{"line":5,"column":56}},"5":{"start":{"line":6,"column":0},"end":{"line":6,"column":23}},"6":{"start":{"line":7,"column":0},"end":{"line":7,"column":45}},"8":{"start":{"line":9,"column":0},"end":{"line":9,"column":12}},"9":{"start":{"line":10,"column":0},"end":{"line":10,"column":28}},"10":{"start":{"line":11,"column":0},"end":{"line":11,"column":46}},"11":{"start":{"line":12,"column":0},"end":{"line":12,"column":71}},"12":{"start":{"line":13,"column":0},"end":{"line":13,"column":12}},"14":{"start":{"line":15,"column":0},"end":{"line":15,"column":3}},"15":{"start":{"line":16,"column":0},"end":{"line":16,"column":1}}},"s":{"0":1,"2":1,"4":1,"5":1,"6":6,"8":6,"9":6,"10":6,"11":6,"12":6,"14":6,"15":1},"branchMap":{"0":{"type":"branch","line":6,"loc":{"start":{"line":6,"column":2},"end":{"line":15,"column":3}},"locations":[{"start":{"line":6,"column":2},"end":{"line":15,"column":3}}]},"1":{"type":"branch","line":12,"loc":{"start":{"line":12,"column":42},"end":{"line":12,"column":67}},"locations":[{"start":{"line":12,"column":42},"end":{"line":12,"column":67}}]}},"b":{"0":[6],"1":[1]},"fnMap":{"0":{"name":"render","decl":{"start":{"line":6,"column":2},"end":{"line":15,"column":3}},"loc":{"start":{"line":6,"column":2},"end":{"line":15,"column":3}},"line":6}},"f":{"0":6}}
,"/Users/marat/Desktop/RS School REACT/react-app-task1/src/components/CardList/CardList.tsx": {"path":"/Users/marat/Desktop/RS School REACT/react-app-task1/src/components/CardList/CardList.tsx","all":false,"statementMap":{"0":{"start":{"line":1,"column":0},"end":{"line":1,"column":50}},"2":{"start":{"line":3,"column":0},"end":{"line":3,"column":25}},"3":{"start":{"line":4,"column":0},"end":{"line":4,"column":32}},"6":{"start":{"line":7,"column":0},"end":{"line":7,"column":64}},"7":{"start":{"line":8,"column":0},"end":{"line":8,"column":23}},"8":{"start":{"line":9,"column":0},"end":{"line":9,"column":12}},"9":{"start":{"line":10,"column":0},"end":{"line":10,"column":33}},"10":{"start":{"line":11,"column":0},"end":{"line":11,"column":48}},"11":{"start":{"line":12,"column":0},"end":{"line":12,"column":78}},"12":{"start":{"line":13,"column":0},"end":{"line":13,"column":11}},"13":{"start":{"line":14,"column":0},"end":{"line":14,"column":12}},"15":{"start":{"line":16,"column":0},"end":{"line":16,"column":3}},"16":{"start":{"line":17,"column":0},"end":{"line":17,"column":1}}},"s":{"0":1,"2":1,"3":1,"6":1,"7":1,"8":17,"9":17,"10":17,"11":4,"12":17,"13":17,"15":17,"16":1},"branchMap":{"0":{"type":"branch","line":8,"loc":{"start":{"line":8,"column":2},"end":{"line":16,"column":3}},"locations":[{"start":{"line":8,"column":2},"end":{"line":16,"column":3}}]},"1":{"type":"branch","line":11,"loc":{"start":{"line":11,"column":30},"end":{"line":12,"column":78}},"locations":[{"start":{"line":11,"column":30},"end":{"line":12,"column":78}}]}},"b":{"0":[17],"1":[4]},"fnMap":{"0":{"name":"render","decl":{"start":{"line":8,"column":2},"end":{"line":16,"column":3}},"loc":{"start":{"line":8,"column":2},"end":{"line":16,"column":3}},"line":8}},"f":{"0":17}}
,"/Users/marat/Desktop/RS School REACT/react-app-task1/src/components/ErrorBoundary/ErrorBoundary.tsx": {"path":"/Users/marat/Desktop/RS School REACT/react-app-task1/src/components/ErrorBoundary/ErrorBoundary.tsx","all":false,"statementMap":{"5":{"start":{"line":6,"column":0},"end":{"line":6,"column":34}},"6":{"start":{"line":7,"column":0},"end":{"line":7,"column":30}},"8":{"start":{"line":9,"column":0},"end":{"line":9,"column":53}},"11":{"start":{"line":12,"column":0},"end":{"line":12,"column":3}},"12":{"start":{"line":13,"column":0},"end":{"line":13,"column":42}},"13":{"start":{"line":14,"column":0},"end":{"line":14,"column":17}},"14":{"start":{"line":15,"column":0},"end":{"line":15,"column":37}},"15":{"start":{"line":16,"column":0},"end":{"line":16,"column":3}},"17":{"start":{"line":18,"column":0},"end":{"line":18,"column":57}},"18":{"start":{"line":19,"column":0},"end":{"line":19,"column":30}},"19":{"start":{"line":20,"column":0},"end":{"line":20,"column":3}},"21":{"start":{"line":22,"column":0},"end":{"line":22,"column":63}},"22":{"start":{"line":23,"column":0},"end":{"line":23,"column":45}},"23":{"start":{"line":24,"column":0},"end":{"line":24,"column":3}},"25":{"start":{"line":26,"column":0},"end":{"line":26,"column":23}},"26":{"start":{"line":27,"column":0},"end":{"line":27,"column":30}},"27":{"start":{"line":28,"column":0},"end":{"line":28,"column":14}},"28":{"start":{"line":29,"column":0},"end":{"line":29,"column":41}},"29":{"start":{"line":30,"column":0},"end":{"line":30,"column":14}},"31":{"start":{"line":32,"column":0},"end":{"line":32,"column":15}},"32":{"start":{"line":33,"column":0},"end":{"line":33,"column":17}},"33":{"start":{"line":34,"column":0},"end":{"line":34,"column":37}},"34":{"start":{"line":35,"column":0},"end":{"line":35,"column":62}},"35":{"start":{"line":36,"column":0},"end":{"line":36,"column":11}},"37":{"start":{"line":38,"column":0},"end":{"line":38,"column":19}},"38":{"start":{"line":39,"column":0},"end":{"line":39,"column":14}},"40":{"start":{"line":41,"column":0},"end":{"line":41,"column":5}},"42":{"start":{"line":43,"column":0},"end":{"line":43,"column":31}},"43":{"start":{"line":44,"column":0},"end":{"line":44,"column":3}},"44":{"start":{"line":45,"column":0},"end":{"line":45,"column":1}}},"s":{"5":1,"6":1,"8":1,"11":1,"12":1,"13":6,"14":6,"15":6,"17":1,"18":6,"19":6,"21":1,"22":3,"23":3,"25":1,"26":12,"27":6,"28":6,"29":6,"31":6,"32":6,"33":6,"34":6,"35":6,"37":6,"38":6,"40":6,"42":6,"43":12,"44":1},"branchMap":{"0":{"type":"branch","line":13,"loc":{"start":{"line":13,"column":2},"end":{"line":16,"column":3}},"locations":[{"start":{"line":13,"column":2},"end":{"line":16,"column":3}}]},"1":{"type":"branch","line":18,"loc":{"start":{"line":18,"column":9},"end":{"line":20,"column":3}},"locations":[{"start":{"line":18,"column":9},"end":{"line":20,"column":3}}]},"2":{"type":"branch","line":22,"loc":{"start":{"line":22,"column":2},"end":{"line":24,"column":3}},"locations":[{"start":{"line":22,"column":2},"end":{"line":24,"column":3}}]},"3":{"type":"branch","line":26,"loc":{"start":{"line":26,"column":2},"end":{"line":44,"column":3}},"locations":[{"start":{"line":26,"column":2},"end":{"line":44,"column":3}}]},"4":{"type":"branch","line":27,"loc":{"start":{"line":27,"column":29},"end":{"line":43,"column":31}},"locations":[{"start":{"line":27,"column":29},"end":{"line":43,"column":31}}]},"5":{"type":"branch","line":35,"loc":{"start":{"line":35,"column":21},"end":{"line":35,"column":62}},"locations":[{"start":{"line":35,"column":21},"end":{"line":35,"column":62}}]}},"b":{"0":[6],"1":[6],"2":[3],"3":[12],"4":[6],"5":[1]},"fnMap":{"0":{"name":"ErrorBoundary","decl":{"start":{"line":13,"column":2},"end":{"line":16,"column":3}},"loc":{"start":{"line":13,"column":2},"end":{"line":16,"column":3}},"line":13},"1":{"name":"getDerivedStateFromError","decl":{"start":{"line":18,"column":9},"end":{"line":20,"column":3}},"loc":{"start":{"line":18,"column":9},"end":{"line":20,"column":3}},"line":18},"2":{"name":"componentDidCatch","decl":{"start":{"line":22,"column":2},"end":{"line":24,"column":3}},"loc":{"start":{"line":22,"column":2},"end":{"line":24,"column":3}},"line":22},"3":{"name":"render","decl":{"start":{"line":26,"column":2},"end":{"line":44,"column":3}},"loc":{"start":{"line":26,"column":2},"end":{"line":44,"column":3}},"line":26},"4":{"name":"onClick","decl":{"start":{"line":35,"column":21},"end":{"line":35,"column":62}},"loc":{"start":{"line":35,"column":21},"end":{"line":35,"column":62}},"line":35}},"f":{"0":6,"1":6,"2":3,"3":12,"4":1}}
,"/Users/marat/Desktop/RS School REACT/react-app-task1/src/components/Search/Search.tsx": {"path":"/Users/marat/Desktop/RS School REACT/react-app-task1/src/components/Search/Search.tsx","all":false,"statementMap":{"0":{"start":{"line":1,"column":0},"end":{"line":1,"column":68}},"2":{"start":{"line":3,"column":0},"end":{"line":3,"column":23}},"4":{"start":{"line":5,"column":0},"end":{"line":5,"column":73}},"5":{"start":{"line":6,"column":0},"end":{"line":6,"column":35}},"6":{"start":{"line":7,"column":0},"end":{"line":7,"column":17}},"7":{"start":{"line":8,"column":0},"end":{"line":8,"column":18}},"8":{"start":{"line":9,"column":0},"end":{"line":9,"column":59}},"9":{"start":{"line":10,"column":0},"end":{"line":10,"column":6}},"10":{"start":{"line":11,"column":0},"end":{"line":11,"column":3}},"12":{"start":{"line":13,"column":0},"end":{"line":13,"column":56}},"13":{"start":{"line":14,"column":0},"end":{"line":14,"column":50}},"14":{"start":{"line":15,"column":0},"end":{"line":15,"column":4}},"16":{"start":{"line":17,"column":0},"end":{"line":17,"column":36}},"17":{"start":{"line":18,"column":0},"end":{"line":18,"column":23}},"18":{"start":{"line":19,"column":0},"end":{"line":19,"column":53}},"19":{"start":{"line":20,"column":0},"end":{"line":20,"column":37}},"20":{"start":{"line":21,"column":0},"end":{"line":21,"column":52}},"21":{"start":{"line":22,"column":0},"end":{"line":22,"column":4}},"23":{"start":{"line":24,"column":0},"end":{"line":24,"column":12}},"24":{"start":{"line":25,"column":0},"end":{"line":25,"column":12}},"25":{"start":{"line":26,"column":0},"end":{"line":26,"column":65}},"26":{"start":{"line":27,"column":0},"end":{"line":27,"column":14}},"27":{"start":{"line":28,"column":0},"end":{"line":28,"column":40}},"28":{"start":{"line":29,"column":0},"end":{"line":29,"column":21}},"29":{"start":{"line":30,"column":0},"end":{"line":30,"column":39}},"30":{"start":{"line":31,"column":0},"end":{"line":31,"column":38}},"31":{"start":{"line":32,"column":0},"end":{"line":32,"column":53}},"32":{"start":{"line":33,"column":0},"end":{"line":33,"column":10}},"33":{"start":{"line":34,"column":0},"end":{"line":34,"column":62}},"35":{"start":{"line":36,"column":0},"end":{"line":36,"column":17}},"36":{"start":{"line":37,"column":0},"end":{"line":37,"column":13}},"38":{"start":{"line":39,"column":0},"end":{"line":39,"column":3}},"39":{"start":{"line":40,"column":0},"end":{"line":40,"column":1}}},"s":{"0":1,"2":1,"4":1,"5":10,"6":10,"7":10,"8":10,"9":10,"10":10,"12":10,"13":2,"14":2,"16":10,"17":2,"18":2,"19":2,"20":2,"21":2,"23":10,"24":21,"25":21,"26":21,"27":21,"28":21,"29":21,"30":21,"31":21,"32":21,"33":21,"35":21,"36":21,"38":21,"39":10},"branchMap":{"0":{"type":"branch","line":5,"loc":{"start":{"line":5,"column":72},"end":{"line":40,"column":1}},"locations":[{"start":{"line":5,"column":72},"end":{"line":40,"column":1}}]},"1":{"type":"branch","line":6,"loc":{"start":{"line":6,"column":2},"end":{"line":11,"column":3}},"locations":[{"start":{"line":6,"column":2},"end":{"line":11,"column":3}}]},"2":{"type":"branch","line":9,"loc":{"start":{"line":9,"column":51},"end":{"line":9,"column":59}},"locations":[{"start":{"line":9,"column":51},"end":{"line":9,"column":59}}]},"3":{"type":"branch","line":13,"loc":{"start":{"line":13,"column":17},"end":{"line":15,"column":4}},"locations":[{"start":{"line":13,"column":17},"end":{"line":15,"column":4}}]},"4":{"type":"branch","line":17,"loc":{"start":{"line":17,"column":17},"end":{"line":22,"column":4}},"locations":[{"start":{"line":17,"column":17},"end":{"line":22,"column":4}}]},"5":{"type":"branch","line":24,"loc":{"start":{"line":24,"column":2},"end":{"line":39,"column":3}},"locations":[{"start":{"line":24,"column":2},"end":{"line":39,"column":3}}]}},"b":{"0":[10],"1":[10],"2":[8],"3":[2],"4":[2],"5":[21]},"fnMap":{"0":{"name":"<instance_members_initializer>","decl":{"start":{"line":5,"column":72},"end":{"line":40,"column":1}},"loc":{"start":{"line":5,"column":72},"end":{"line":40,"column":1}},"line":5},"1":{"name":"Search","decl":{"start":{"line":6,"column":2},"end":{"line":11,"column":3}},"loc":{"start":{"line":6,"column":2},"end":{"line":11,"column":3}},"line":6},"2":{"name":"handleChange","decl":{"start":{"line":13,"column":17},"end":{"line":15,"column":4}},"loc":{"start":{"line":13,"column":17},"end":{"line":15,"column":4}},"line":13},"3":{"name":"handleSubmit","decl":{"start":{"line":17,"column":17},"end":{"line":22,"column":4}},"loc":{"start":{"line":17,"column":17},"end":{"line":22,"column":4}},"line":17},"4":{"name":"render","decl":{"start":{"line":24,"column":2},"end":{"line":39,"column":3}},"loc":{"start":{"line":24,"column":2},"end":{"line":39,"column":3}},"line":24}},"f":{"0":10,"1":10,"2":2,"3":2,"4":21}}
}
